build/app/outputs/mapping/release/mapping.txt
# compiler: R8
# compiler_version: 1.5.64
# min_api: 16
# pg_map_id: e96724e
appflmaps.fl_maps.Application -> appflmaps.fl_maps.Application:
    void registerWith(io.flutter.plugin.common.PluginRegistry) -> a
...
com.google.android.datatransport.cct.a.zzy -> com.google.android.datatransport.cct.b.u:
    com.google.android.datatransport.cct.a.zzy$zza zza() -> a
com.google.android.datatransport.cct.a.zzy$zza -> com.google.android.datatransport.cct.b.u$a:
    com.google.android.datatransport.cct.a.zzy$zza zza(com.google.android.datatransport.cct.a.zzy$zzb) -> a
    com.google.android.datatransport.cct.a.zzy$zza zza(com.google.android.datatransport.cct.a.zzy$zzc) -> a
    com.google.android.datatransport.cct.a.zzy zza() -> a
com.google.android.datatransport.cct.a.zzy$zzb -> com.google.android.datatransport.cct.b.u$b:
    com.google.android.datatransport.cct.a.zzy$zzb zza -> b
    com.google.android.datatransport.cct.a.zzy$zzb zzg -> h
    android.util.SparseArray zzv -> w
    com.google.android.datatransport.cct.a.zzy$zzb zzf -> g
    com.google.android.datatransport.cct.a.zzy$zzb zzi -> j
    com.google.android.datatransport.cct.a.zzy$zzb zzh -> i
    com.google.android.datatransport.cct.a.zzy$zzb zzc -> d
    com.google.android.datatransport.cct.a.zzy$zzb zzb -> c
    com.google.android.datatransport.cct.a.zzy$zzb zze -> f
    com.google.android.datatransport.cct.a.zzy$zzb zzd -> e
    int zzw -> a
    com.google.android.datatransport.cct.a.zzy$zzb zzo -> p
    com.google.android.datatransport.cct.a.zzy$zzb zzn -> o
    com.google.android.datatransport.cct.a.zzy$zzb zzq -> r
    com.google.android.datatransport.cct.a.zzy$zzb zzp -> q
    com.google.android.datatransport.cct.a.zzy$zzb zzk -> l
    com.google.android.datatransport.cct.a.zzy$zzb zzj -> k
    com.google.android.datatransport.cct.a.zzy$zzb zzm -> n
    com.google.android.datatransport.cct.a.zzy$zzb zzl -> m
    com.google.android.datatransport.cct.a.zzy$zzb zzs -> t
    com.google.android.datatransport.cct.a.zzy$zzb zzr -> s
    com.google.android.datatransport.cct.a.zzy$zzb zzu -> v
    com.google.android.datatransport.cct.a.zzy$zzb zzt -> u
    int zza() -> a
    com.google.android.datatransport.cct.a.zzy$zzb zza(int) -> a
com.google.android.datatransport.cct.a.zzy$zzc -> com.google.android.datatransport.cct.b.u$c:
    com.google.android.datatransport.cct.a.zzy$zzc zzb -> c
    com.google.android.datatransport.cct.a.zzy$zzc zza -> b
    com.google.android.datatransport.cct.a.zzy$zzc zzh -> i
    com.google.android.datatransport.cct.a.zzy$zzc zzg -> h
    com.google.android.datatransport.cct.a.zzy$zzc zzj -> k
    android.util.SparseArray zzt -> u
    com.google.android.datatransport.cct.a.zzy$zzc zzi -> j
    com.google.android.datatransport.cct.a.zzy$zzc zzd -> e
    com.google.android.datatransport.cct.a.zzy$zzc zzc -> d
    com.google.android.datatransport.cct.a.zzy$zzc zzf -> g
    com.google.android.datatransport.cct.a.zzy$zzc zze -> f
    int zzu -> a
    com.google.android.datatransport.cct.a.zzy$zzc zzp -> q
    com.google.android.datatransport.cct.a.zzy$zzc zzo -> p
    com.google.android.datatransport.cct.a.zzy$zzc zzr -> s
    com.google.android.datatransport.cct.a.zzy$zzc zzq -> r
    com.google.android.datatransport.cct.a.zzy$zzc zzl -> m
    com.google.android.datatransport.cct.a.zzy$zzc zzk -> l
    com.google.android.datatransport.cct.a.zzy$zzc zzn -> o
    com.google.android.datatransport.cct.a.zzy$zzc zzm -> n
    com.google.android.datatransport.cct.a.zzy$zzc zzs -> t
    int zza() -> a
    com.google.android.datatransport.cct.a.zzy$zzc zza(int) -> a
com.google.android.datatransport.cct.a.zzz -> com.google.android.datatransport.cct.b.v:
    void encode(java.lang.Object,java.lang.Object) -> a
com.google.android.datatransport.cct.zza -> com.google.android.datatransport.cct.c:
    com.google.android.datatransport.cct.zzc zza -> a
    java.lang.Object apply(java.lang.Object) -> a
    com.google.android.datatransport.runtime.retries.Function zza(com.google.android.datatransport.cct.zzc) -> a